Arguments: 
  /Users/jossic/.nvm/versions/node/v16.8.0/bin/node /Users/jossic/.nvm/versions/node/v16.8.0/bin/yarn init

PATH: 
  /Users/jossic/.nvm/versions/node/v16.8.0/bin:/opt/homebrew/bin:/usr/local/bin:/usr/bin:/bin:/usr/sbin:/sbin:/Library/Apple/usr/bin:/Users/jossic/.nvm/versions/node/v16.8.0/bin:/opt/homebrew/bin

Yarn version: 
  1.22.15

Node version: 
  16.8.0

Platform: 
  darwin x64

Trace: 
  Error: canceled
      at Interface.<anonymous> (/Users/jossic/.nvm/versions/node/v16.8.0/lib/node_modules/yarn/lib/cli.js:137145:13)
      at Interface.emit (node:events:394:28)
      at Interface._ttyWrite (node:readline:1081:16)
      at ReadStream.onkeypress (node:readline:288:10)
      at ReadStream.emit (node:events:394:28)
      at emitKeys (node:internal/readline/utils:358:14)
      at emitKeys.next (<anonymous>)
      at ReadStream.onData (node:internal/readline/emitKeypressEvents:61:36)
      at ReadStream.emit (node:events:394:28)
      at addChunk (node:internal/streams/readable:315:12)

npm manifest: 
  No manifest

yarn manifest: 
  No manifest

Lockfile: 
  No lockfile
